<?xml version="1.0" encoding="UTF-8"?>
<!-- Generated by org.testng.reporters.JUnitReportReporter -->
<testsuite hostname="SimaNB" name="com.example.tests.ContactCreationTests" tests="2" failures="0" timestamp="22 Oct 2015 19:33:19 GMT" time="12.795" errors="0">
  <testcase name="testEmptyContactCreation" time="2.854" classname="com.example.tests.ContactCreationTests"/>
  <testcase name="testNotEmptyContactCreation" time="9.941" classname="com.example.tests.ContactCreationTests"/>
</testsuite> <!-- com.example.tests.ContactCreationTests -->
