<?xml version="1.0" encoding="UTF-8"?>
<!-- Generated by org.testng.reporters.JUnitReportReporter -->
<testsuite hostname="SimaNB" name="com.example.tests.GroupRemovalTests" tests="1" failures="0" timestamp="22 Oct 2015 19:33:19 GMT" time="2.051" errors="0">
  <testcase name="deleteSomeGroup" time="2.051" classname="com.example.tests.GroupRemovalTests"/>
</testsuite> <!-- com.example.tests.GroupRemovalTests -->
