<?xml version="1.0" encoding="UTF-8"?>
<!-- Generated by org.testng.reporters.JUnitReportReporter -->
<testsuite hostname="SimaNB" name="com.example.tests.ContactRemovalTests" tests="1" failures="0" timestamp="22 Oct 2015 19:37:52 GMT" time="2.321" errors="0">
  <testcase name="deleteSomeContact" time="2.321" classname="com.example.tests.ContactRemovalTests"/>
</testsuite> <!-- com.example.tests.ContactRemovalTests -->
