<?xml version="1.0" encoding="UTF-8"?>
<!-- Generated by org.testng.reporters.JUnitReportReporter -->
<testsuite hostname="SimaNB" name="com.example.tests.GroupModifyTests" tests="1" failures="0" timestamp="21 Oct 2015 20:24:13 GMT" time="2.354" errors="0">
  <testcase name="modifySomeGroup" time="2.354" classname="com.example.tests.GroupModifyTests"/>
</testsuite> <!-- com.example.tests.GroupModifyTests -->
