<?xml version="1.0" encoding="UTF-8"?>
<!-- Generated by org.testng.reporters.JUnitReportReporter -->
<testsuite hostname="TM-DT176" name="com.example.tests.GroupCreationTests" tests="5" failures="0" timestamp="29 Oct 2015 15:41:56 GMT" time="49.407" errors="0">
  <testcase name="testGroupCreaetionWithValidData" time="33.902" classname="com.example.tests.GroupCreationTests"/>
  <testcase name="testGroupCreaetionWithValidData" time="3.977" classname="com.example.tests.GroupCreationTests"/>
  <testcase name="testGroupCreaetionWithValidData" time="3.634" classname="com.example.tests.GroupCreationTests"/>
  <testcase name="testGroupCreaetionWithValidData" time="3.614" classname="com.example.tests.GroupCreationTests"/>
  <testcase name="testGroupCreaetionWithValidData" time="4.280" classname="com.example.tests.GroupCreationTests"/>
</testsuite> <!-- com.example.tests.GroupCreationTests -->
