<?xml version="1.0" encoding="UTF-8"?>
<!-- Generated by org.testng.reporters.JUnitReportReporter -->
<testsuite hostname="SimaNB" name="com.example.tests.GroupCreationTests" tests="2" failures="0" timestamp="28 Oct 2015 19:53:36 GMT" time="10.095" errors="0">
  <testcase name="testNotEmptyGroupCreaetion" time="4.245" classname="com.example.tests.GroupCreationTests"/>
  <testcase name="testEmptyGroupCreaetion" time="5.850" classname="com.example.tests.GroupCreationTests"/>
</testsuite> <!-- com.example.tests.GroupCreationTests -->
