<?xml version="1.0" encoding="UTF-8"?>
<!-- Generated by org.testng.reporters.JUnitReportReporter -->
<testsuite hostname="SimaNB" name="com.example.tests.GroupModifyTests" tests="1" failures="0" timestamp="22 Oct 2015 19:33:19 GMT" time="2.122" errors="0">
  <testcase name="modifySomeGroup" time="2.122" classname="com.example.tests.GroupModifyTests"/>
</testsuite> <!-- com.example.tests.GroupModifyTests -->
