<?xml version="1.0" encoding="UTF-8"?>
<!-- Generated by org.testng.reporters.JUnitReportReporter -->
<testsuite hostname="SimaNB" name="com.example.tests.ContactModifyTests" tests="1" failures="0" timestamp="22 Oct 2015 19:33:19 GMT" time="30.875" errors="0">
  <testcase name="modifySomeContact" time="30.875" classname="com.example.tests.ContactModifyTests"/>
</testsuite> <!-- com.example.tests.ContactModifyTests -->
