<?xml version="1.0" encoding="UTF-8"?>
<!-- Generated by org.testng.reporters.JUnitReportReporter -->
<testsuite hostname="SimaNB" name="com.example.tests.GroupCreationTests" tests="2" failures="0" timestamp="21 Oct 2015 20:24:13 GMT" time="3.563" errors="0">
  <testcase name="testNotEmptyGroupCreaetion" time="1.770" classname="com.example.tests.GroupCreationTests"/>
  <testcase name="testEmptyGroupCreaetion" time="1.793" classname="com.example.tests.GroupCreationTests"/>
</testsuite> <!-- com.example.tests.GroupCreationTests -->
