<?xml version="1.0" encoding="UTF-8"?>
<!-- Generated by org.testng.reporters.JUnitReportReporter -->
<testsuite hostname="SimaNB" name="com.example.tests.ContactCreationTests" tests="2" failures="0" timestamp="21 Oct 2015 20:24:13 GMT" time="5.566" errors="0">
  <testcase name="testEmptyContactCreation" time="2.414" classname="com.example.tests.ContactCreationTests"/>
  <testcase name="testNotEmptyContactCreation" time="3.152" classname="com.example.tests.ContactCreationTests"/>
</testsuite> <!-- com.example.tests.ContactCreationTests -->
