<?xml version="1.0" encoding="UTF-8"?>
<!-- Generated by org.testng.reporters.JUnitReportReporter -->
<testsuite hostname="SimaNB" name="com.example.tests.GroupCreationTests" tests="1" failures="0" timestamp="26 Oct 2015 15:57:22 GMT" time="9.307" errors="0">
  <testcase name="testNotEmptyGroupCreaetion" time="9.307" classname="com.example.tests.GroupCreationTests"/>
</testsuite> <!-- com.example.tests.GroupCreationTests -->
